g:\repogitory_jp\nobu6_mod_moddebugger\moddebuggerforwin\moddebuggerforwin\release\ascii.obj
g:\repogitory_jp\nobu6_mod_moddebugger\moddebuggerforwin\moddebuggerforwin\release\big5.obj
g:\repogitory_jp\nobu6_mod_moddebugger\moddebuggerforwin\moddebuggerforwin\release\clearbutton.obj
g:\repogitory_jp\nobu6_mod_moddebugger\moddebuggerforwin\moddebuggerforwin\release\cp1251.obj
g:\repogitory_jp\nobu6_mod_moddebugger\moddebuggerforwin\moddebuggerforwin\release\euc_jp.obj
g:\repogitory_jp\nobu6_mod_moddebugger\moddebuggerforwin\moddebuggerforwin\release\euc_kr.obj
g:\repogitory_jp\nobu6_mod_moddebugger\moddebuggerforwin\moddebuggerforwin\release\euc_tw.obj
g:\repogitory_jp\nobu6_mod_moddebugger\moddebuggerforwin\moddebuggerforwin\release\gb18030.obj
g:\repogitory_jp\nobu6_mod_moddebugger\moddebuggerforwin\moddebuggerforwin\release\getprocess.obj
g:\repogitory_jp\nobu6_mod_moddebugger\moddebuggerforwin\moddebuggerforwin\release\iso8859_1.obj
g:\repogitory_jp\nobu6_mod_moddebugger\moddebuggerforwin\moddebuggerforwin\release\iso8859_10.obj
g:\repogitory_jp\nobu6_mod_moddebugger\moddebuggerforwin\moddebuggerforwin\release\iso8859_11.obj
g:\repogitory_jp\nobu6_mod_moddebugger\moddebuggerforwin\moddebuggerforwin\release\iso8859_13.obj
g:\repogitory_jp\nobu6_mod_moddebugger\moddebuggerforwin\moddebuggerforwin\release\iso8859_14.obj
g:\repogitory_jp\nobu6_mod_moddebugger\moddebuggerforwin\moddebuggerforwin\release\iso8859_15.obj
g:\repogitory_jp\nobu6_mod_moddebugger\moddebuggerforwin\moddebuggerforwin\release\iso8859_16.obj
g:\repogitory_jp\nobu6_mod_moddebugger\moddebuggerforwin\moddebuggerforwin\release\iso8859_2.obj
g:\repogitory_jp\nobu6_mod_moddebugger\moddebuggerforwin\moddebuggerforwin\release\iso8859_3.obj
g:\repogitory_jp\nobu6_mod_moddebugger\moddebuggerforwin\moddebuggerforwin\release\iso8859_4.obj
g:\repogitory_jp\nobu6_mod_moddebugger\moddebuggerforwin\moddebuggerforwin\release\iso8859_5.obj
g:\repogitory_jp\nobu6_mod_moddebugger\moddebuggerforwin\moddebuggerforwin\release\iso8859_6.obj
g:\repogitory_jp\nobu6_mod_moddebugger\moddebuggerforwin\moddebuggerforwin\release\iso8859_7.obj
g:\repogitory_jp\nobu6_mod_moddebugger\moddebuggerforwin\moddebuggerforwin\release\iso8859_8.obj
g:\repogitory_jp\nobu6_mod_moddebugger\moddebuggerforwin\moddebuggerforwin\release\iso8859_9.obj
g:\repogitory_jp\nobu6_mod_moddebugger\moddebuggerforwin\moddebuggerforwin\release\koi8.obj
g:\repogitory_jp\nobu6_mod_moddebugger\moddebuggerforwin\moddebuggerforwin\release\koi8_r.obj
g:\repogitory_jp\nobu6_mod_moddebugger\moddebuggerforwin\moddebuggerforwin\release\moddebugger.obj
g:\repogitory_jp\nobu6_mod_moddebugger\moddebuggerforwin\moddebuggerforwin\release\onigregex.obj
g:\repogitory_jp\nobu6_mod_moddebugger\moddebuggerforwin\moddebuggerforwin\release\recievebutton.obj
g:\repogitory_jp\nobu6_mod_moddebugger\moddebuggerforwin\moddebuggerforwin\release\regcomp.obj
g:\repogitory_jp\nobu6_mod_moddebugger\moddebuggerforwin\moddebuggerforwin\release\regenc.obj
g:\repogitory_jp\nobu6_mod_moddebugger\moddebuggerforwin\moddebuggerforwin\release\regerror.obj
g:\repogitory_jp\nobu6_mod_moddebugger\moddebuggerforwin\moddebuggerforwin\release\regexbox.obj
g:\repogitory_jp\nobu6_mod_moddebugger\moddebuggerforwin\moddebuggerforwin\release\regexec.obj
g:\repogitory_jp\nobu6_mod_moddebugger\moddebuggerforwin\moddebuggerforwin\release\regext.obj
g:\repogitory_jp\nobu6_mod_moddebugger\moddebuggerforwin\moddebuggerforwin\release\reggnu.obj
g:\repogitory_jp\nobu6_mod_moddebugger\moddebuggerforwin\moddebuggerforwin\release\regparse.obj
g:\repogitory_jp\nobu6_mod_moddebugger\moddebuggerforwin\moddebuggerforwin\release\regposerr.obj
g:\repogitory_jp\nobu6_mod_moddebugger\moddebuggerforwin\moddebuggerforwin\release\regposix.obj
g:\repogitory_jp\nobu6_mod_moddebugger\moddebuggerforwin\moddebuggerforwin\release\regsyntax.obj
g:\repogitory_jp\nobu6_mod_moddebugger\moddebuggerforwin\moddebuggerforwin\release\regtrav.obj
g:\repogitory_jp\nobu6_mod_moddebugger\moddebuggerforwin\moddebuggerforwin\release\regversion.obj
g:\repogitory_jp\nobu6_mod_moddebugger\moddebuggerforwin\moddebuggerforwin\release\sjis.obj
g:\repogitory_jp\nobu6_mod_moddebugger\moddebuggerforwin\moddebuggerforwin\release\st.obj
g:\repogitory_jp\nobu6_mod_moddebugger\moddebuggerforwin\moddebuggerforwin\release\textbox.obj
g:\repogitory_jp\nobu6_mod_moddebugger\moddebuggerforwin\moddebuggerforwin\release\textlabel.obj
g:\repogitory_jp\nobu6_mod_moddebugger\moddebuggerforwin\moddebuggerforwin\release\unicode.obj
g:\repogitory_jp\nobu6_mod_moddebugger\moddebuggerforwin\moddebuggerforwin\release\utf16_be.obj
g:\repogitory_jp\nobu6_mod_moddebugger\moddebuggerforwin\moddebuggerforwin\release\utf16_le.obj
g:\repogitory_jp\nobu6_mod_moddebugger\moddebuggerforwin\moddebuggerforwin\release\utf32_be.obj
g:\repogitory_jp\nobu6_mod_moddebugger\moddebuggerforwin\moddebuggerforwin\release\utf32_le.obj
g:\repogitory_jp\nobu6_mod_moddebugger\moddebuggerforwin\moddebuggerforwin\release\utf8.obj
g:\repogitory_jp\nobu6_mod_moddebugger\moddebuggerforwin\moddebuggerforwin\release\winform.obj
g:\repogitory_jp\nobu6_mod_moddebugger\moddebuggerforwin\moddebuggerforwin\release\moddebuggerforwin.res
g:\repogitory_jp\nobu6_mod_moddebugger\moddebuggerforwin\moddebuggerforwin\release\vc120.pdb
