C:\Program Files (x86)\MSBuild\Microsoft.Cpp\v4.0\V120\Microsoft.CppBuild.targets(388,5): warning MSB8028: The intermediate directory (Release\) contains files shared from another project (ModDebuggerForWin.vcxproj).  This can lead to incorrect clean and rebuild behavior.
  ClearButton.cpp
  GetProcess.cpp
  ModDebugger.cpp
  OnigRegex.cpp
  RecieveButton.cpp
  RegexBox.cpp
  TextBox.cpp
  TextLabel.cpp
  WinForm.cpp
  ascii.c
  big5.c
  cp1251.c
  euc_jp.c
  euc_kr.c
  euc_tw.c
  gb18030.c
  iso8859_1.c
  iso8859_10.c
  iso8859_11.c
  iso8859_13.c
  iso8859_14.c
  iso8859_15.c
  iso8859_16.c
  iso8859_2.c
  iso8859_3.c
  iso8859_4.c
  iso8859_5.c
  iso8859_6.c
  iso8859_7.c
  コンパイル中...
  iso8859_8.c
  iso8859_9.c
  koi8.c
  koi8_r.c
  regcomp.c
  regenc.c
  regerror.c
  regexec.c
  regext.c
  reggnu.c
  regparse.c
  regposerr.c
  regposix.c
  regsyntax.c
  regtrav.c
  regversion.c
  sjis.c
  st.c
  unicode.c
  utf16_be.c
  コンパイル中...
  utf16_le.c
  utf32_be.c
  utf32_le.c
  utf8.c
  コード生成しています。
  コード生成が終了しました。
  ModDebuggerForWin.vcxproj -> G:\repogitory_jp\nobu6_mod_moddebugger\ModDebuggerForWin\Release\ModDebugger.exe
